<?xml version="1.0" encoding="UTF-8"?>
<testsuite name="com.modak.notification.NotificationApplicationTests" tests="1" skipped="0" failures="0" errors="0" timestamp="2024-05-07T18:13:22" hostname="LEGION" time="0.65">
  <properties/>
  <testcase name="contextLoads()" classname="com.modak.notification.NotificationApplicationTests" time="0.65"/>
  <system-out><![CDATA[15:13:21.493 [Test worker] INFO org.springframework.test.context.support.AnnotationConfigContextLoaderUtils -- Could not detect default configuration classes for test class [com.modak.notification.NotificationApplicationTests]: NotificationApplicationTests does not declare any static, non-private, non-final, nested classes annotated with @Configuration.
15:13:21.578 [Test worker] INFO org.springframework.boot.test.context.SpringBootTestContextBootstrapper -- Found @SpringBootConfiguration com.modak.notification.NotificationApplication for test class com.modak.notification.NotificationApplicationTests

  .   ____          _            __ _ _
 /\\ / ___'_ __ _ _(_)_ __  __ _ \ \ \ \
( ( )\___ | '_ | '_| | '_ \/ _` | \ \ \ \
 \\/  ___)| |_)| | | | | || (_| |  ) ) ) )
  '  |____| .__|_| |_|_| |_\__, | / / / /
 =========|_|==============|___/=/_/_/_/
 :: Spring Boot ::                (v3.2.5)

2024-05-07T15:13:21.939-03:00  INFO 15388 --- [notification] [    Test worker] c.m.n.NotificationApplicationTests       : Starting NotificationApplicationTests using Java 17.0.11 with PID 15388 (started by javie in C:\Users\javie\Downloads\notifications\notification)
2024-05-07T15:13:21.941-03:00  INFO 15388 --- [notification] [    Test worker] c.m.n.NotificationApplicationTests       : No active profile set, falling back to 1 default profile: "default"
2024-05-07T15:13:22.895-03:00  INFO 15388 --- [notification] [    Test worker] c.m.n.NotificationApplicationTests       : Started NotificationApplicationTests in 1.152 seconds (process running for 2.169)
]]></system-out>
  <system-err><![CDATA[]]></system-err>
</testsuite>
